2022-12-09 [00:04:10.342] [Server thread/INFO]: Loading server configuration
2022-12-09 [00:04:13.162] [Server thread/INFO]: Selected English (eng) as the base language
2022-12-09 [00:04:13.543] [Server thread/INFO]: Starting Minecraft: Bedrock Edition server version v1.19.50
2022-12-09 [00:04:13.763] [Server thread/INFO]: Online mode is enabled. The server will verify that players are authenticated to Xbox Live.
2022-12-09 [00:04:14.317] [Server thread/INFO]: This server is running PocketMine-MP version 4.12.1
2022-12-09 [00:04:14.330] [Server thread/INFO]: PocketMine-MP is distributed under the LGPL License
2022-12-09 [00:04:15.704] [Server thread/INFO]: Loading resource packs...
2022-12-09 [00:04:20.976] [Server thread/INFO]: Preparing world "world"
2022-12-09 [00:04:21.117] [Server thread/NOTICE]: Spawn terrain for world "world" is being generated in the background
2022-12-09 [00:04:21.290] [Server thread/INFO]: Minecraft network interface running on 0.0.0.0:19132
2022-12-09 [00:04:21.291] [Server thread/INFO]: GS4 Query listener running on 0.0.0.0:19132
2022-12-09 [00:04:21.319] [Server thread/INFO]: Minecraft network interface running on [::]:19133
2022-12-09 [00:04:21.319] [Server thread/INFO]: GS4 Query listener running on [::]:19133
2022-12-09 [00:04:21.321] [Server thread/INFO]: Default game type: Survival Mode
2022-12-09 [00:04:21.321] [Server thread/INFO]: If you find this project useful, please consider donating to support development: https://patreon.com/pocketminemp
2022-12-09 [00:04:21.321] [Server thread/INFO]: Done (13.564s)! For help, type "help" or "?"
2022-12-09 [00:04:22.344] [Server thread/INFO]: [World: world] Generating spawn terrain: 1 / 224 (0%)
2022-12-09 [00:04:31.640] [Server thread/INFO]: [World: world] Generating spawn terrain: 23 / 224 (10%)
2022-12-09 [00:04:33.566] [Server thread/INFO]: [World: world] Generating spawn terrain: 45 / 224 (20%)
2022-12-09 [00:04:35.483] [Server thread/INFO]: [World: world] Generating spawn terrain: 68 / 224 (30%)
2022-12-09 [00:04:36.250] [Server thread/INFO]: [World: world] Generating spawn terrain: 90 / 224 (40%)
2022-12-09 [00:04:36.921] [Server thread/INFO]: [World: world] Generating spawn terrain: 112 / 224 (50%)
2022-12-09 [00:04:37.428] [Server thread/INFO]: [World: world] Generating spawn terrain: 135 / 224 (60%)
2022-12-09 [00:04:37.860] [Server thread/INFO]: [World: world] Generating spawn terrain: 157 / 224 (70%)
2022-12-09 [00:04:38.210] [Server thread/INFO]: [World: world] Generating spawn terrain: 180 / 224 (80%)
2022-12-09 [00:04:38.505] [Server thread/INFO]: [World: world] Generating spawn terrain: 202 / 224 (90%)
2022-12-09 [00:04:38.886] [Server thread/INFO]: [World: world] Generating spawn terrain: 224 / 224 (100%)
2022-12-09 [00:08:37.243] [Server thread/INFO]: [NetworkSession: 192.168.100.124 57979] Session opened
2022-12-09 [00:08:37.542] [Server thread/INFO]: [NetworkSession: 192.168.100.124 57979] Player: InsetHen7316406
2022-12-09 [00:08:38.673] [Server thread/INFO]: InsetHen7316406[/192.168.100.124:57979] logged in with entity id 1 at (world, 256, 51, 256)
2022-12-09 [00:08:46.947] [Server thread/INFO]: InsetHen7316406 joined the game
2022-12-09 [00:09:09.851] [Server thread/INFO]: InsetHen7316406 left the game
2022-12-09 [00:09:09.906] [Server thread/INFO]: [NetworkSession: InsetHen7316406] Session closed due to client disconnect
2022-12-09 [00:09:28.906] [Server thread/INFO]: Received signal interrupt, stopping the server
2022-12-09 [00:09:28.910] [Server thread/INFO]: Unloading world "world"
2022-12-09 [00:09:29.078] [Server thread/INFO]: Stopping other threads
2022-12-09 [00:52:39.131] [Server thread/INFO]: Loading server configuration
2022-12-09 [00:52:39.217] [Server thread/INFO]: Selected English (eng) as the base language
2022-12-09 [00:52:39.222] [Server thread/INFO]: Starting Minecraft: Bedrock Edition server version v1.19.50
2022-12-09 [00:52:39.262] [Server thread/INFO]: Online mode is enabled. The server will verify that players are authenticated to Xbox Live.
2022-12-09 [00:52:39.358] [Server thread/INFO]: This server is running PocketMine-MP version 4.12.1
2022-12-09 [00:52:39.358] [Server thread/INFO]: PocketMine-MP is distributed under the LGPL License
2022-12-09 [00:52:39.826] [Server thread/INFO]: Loading resource packs...
2022-12-09 [00:52:40.551] [Server thread/INFO]: Preparing world "world"
2022-12-09 [00:52:40.674] [Server thread/INFO]: Minecraft network interface running on 0.0.0.0:19132
2022-12-09 [00:52:40.674] [Server thread/INFO]: GS4 Query listener running on 0.0.0.0:19132
2022-12-09 [00:52:40.698] [Server thread/INFO]: Minecraft network interface running on [::]:19133
2022-12-09 [00:52:40.698] [Server thread/INFO]: GS4 Query listener running on [::]:19133
2022-12-09 [00:52:40.699] [Server thread/INFO]: Default game type: Survival Mode
2022-12-09 [00:52:40.700] [Server thread/INFO]: If you find this project useful, please consider donating to support development: https://patreon.com/pocketminemp
2022-12-09 [00:52:40.700] [Server thread/INFO]: Done (1.59s)! For help, type "help" or "?"
2022-12-09 [00:52:57.259] [Server thread/INFO]: Received signal interrupt, stopping the server
2022-12-09 [00:52:57.262] [Server thread/INFO]: Unloading world "world"
2022-12-09 [00:52:57.351] [Server thread/INFO]: Stopping other threads
